<?xml version="1.0" encoding="UTF-8"?>
<!-- Generated by org.testng.reporters.JUnitXMLReporter -->
<testsuite hostname="SHRXBA" ignored="0" name="Test" tests="2" failures="1" timestamp="30 Sep 2021 10:00:59 GMT" time="12.586" errors="0">
  <testcase name="login" time="4.93" classname="com.lti.testcases.LoginTestCase"/>
  <testcase name="leave" time="0.004" classname="com.lti.testcases.WelcomeTestCase">
    <failure type="java.lang.NullPointerException">
      <![CDATA[java.lang.NullPointerException
at org.openqa.selenium.support.pagefactory.DefaultElementLocator.findElement(DefaultElementLocator.java:69)
at org.openqa.selenium.support.pagefactory.internal.LocatingElementHandler.invoke(LocatingElementHandler.java:38)
at com.sun.proxy.$Proxy12.click(Unknown Source)
at com.lti.pages.WelcomePage.welcome(WelcomePage.java:22)
at com.lti.testcases.WelcomeTestCase.leave(WelcomeTestCase.java:15)
... Removed 25 stack frames]]>
    </failure>
  </testcase> <!-- leave -->
</testsuite> <!-- Test -->
