<?xml version="1.0" encoding="UTF-8"?>
<testng-results skipped="0" failed="1" ignored="0" total="2" passed="1">
  <reporter-output>
  </reporter-output>
  <suite name="Suite" duration-ms="12586" started-at="2021-09-30T10:00:47Z" finished-at="2021-09-30T10:00:59Z">
    <groups>
    </groups>
    <test name="Test" duration-ms="12586" started-at="2021-09-30T10:00:47Z" finished-at="2021-09-30T10:00:59Z">
      <class name="com.lti.testcases.WelcomeTestCase">
        <test-method status="FAIL" signature="leave()[pri:0, instance:com.lti.testcases.WelcomeTestCase@530a8454]" name="leave" duration-ms="4" started-at="2021-09-30T10:00:59Z" finished-at="2021-09-30T10:00:59Z">
          <exception class="java.lang.NullPointerException">
            <full-stacktrace>
              <![CDATA[java.lang.NullPointerException
at org.openqa.selenium.support.pagefactory.DefaultElementLocator.findElement(DefaultElementLocator.java:69)
at org.openqa.selenium.support.pagefactory.internal.LocatingElementHandler.invoke(LocatingElementHandler.java:38)
at com.sun.proxy.$Proxy12.click(Unknown Source)
at com.lti.pages.WelcomePage.welcome(WelcomePage.java:22)
at com.lti.testcases.WelcomeTestCase.leave(WelcomeTestCase.java:15)
at sun.reflect.NativeMethodAccessorImpl.invoke0(Native Method)
at sun.reflect.NativeMethodAccessorImpl.invoke(Unknown Source)
at sun.reflect.DelegatingMethodAccessorImpl.invoke(Unknown Source)
at java.lang.reflect.Method.invoke(Unknown Source)
at org.testng.internal.MethodInvocationHelper.invokeMethod(MethodInvocationHelper.java:124)
at org.testng.internal.Invoker.invokeMethod(Invoker.java:583)
at org.testng.internal.Invoker.invokeTestMethod(Invoker.java:719)
at org.testng.internal.Invoker.invokeTestMethods(Invoker.java:989)
at org.testng.internal.TestMethodWorker.invokeTestMethods(TestMethodWorker.java:125)
at org.testng.internal.TestMethodWorker.run(TestMethodWorker.java:109)
at org.testng.TestRunner.privateRun(TestRunner.java:648)
at org.testng.TestRunner.run(TestRunner.java:505)
at org.testng.SuiteRunner.runTest(SuiteRunner.java:455)
at org.testng.SuiteRunner.runSequentially(SuiteRunner.java:450)
at org.testng.SuiteRunner.privateRun(SuiteRunner.java:415)
at org.testng.SuiteRunner.run(SuiteRunner.java:364)
at org.testng.SuiteRunnerWorker.runSuite(SuiteRunnerWorker.java:52)
at org.testng.SuiteRunnerWorker.run(SuiteRunnerWorker.java:84)
at org.testng.TestNG.runSuitesSequentially(TestNG.java:1208)
at org.testng.TestNG.runSuitesLocally(TestNG.java:1137)
at org.testng.TestNG.runSuites(TestNG.java:1049)
at org.testng.TestNG.run(TestNG.java:1017)
at org.testng.remote.AbstractRemoteTestNG.run(AbstractRemoteTestNG.java:115)
at org.testng.remote.RemoteTestNG.initAndRun(RemoteTestNG.java:251)
at org.testng.remote.RemoteTestNG.main(RemoteTestNG.java:77)
]]>
            </full-stacktrace>
          </exception> <!-- java.lang.NullPointerException -->
          <reporter-output>
          </reporter-output>
        </test-method> <!-- leave -->
      </class> <!-- com.lti.testcases.WelcomeTestCase -->
      <class name="com.lti.testcases.LoginTestCase">
        <test-method status="PASS" signature="stratUp()[pri:0, instance:com.lti.testcases.LoginTestCase@5c371e13]" name="stratUp" is-config="true" duration-ms="7354" started-at="2021-09-30T10:00:47Z" finished-at="2021-09-30T10:00:54Z">
          <reporter-output>
          </reporter-output>
        </test-method> <!-- stratUp -->
        <test-method status="PASS" signature="login()[pri:0, instance:com.lti.testcases.LoginTestCase@5c371e13]" name="login" duration-ms="4930" started-at="2021-09-30T10:00:54Z" finished-at="2021-09-30T10:00:59Z">
          <reporter-output>
          </reporter-output>
        </test-method> <!-- login -->
        <test-method status="PASS" signature="close()[pri:0, instance:com.lti.testcases.LoginTestCase@5c371e13]" name="close" is-config="true" duration-ms="160" started-at="2021-09-30T10:00:59Z" finished-at="2021-09-30T10:00:59Z">
          <reporter-output>
          </reporter-output>
        </test-method> <!-- close -->
      </class> <!-- com.lti.testcases.LoginTestCase -->
    </test> <!-- Test -->
  </suite> <!-- Suite -->
</testng-results>
